exam228/Androidclient228/app/build/intermediates/manifest_merge_blame_file/debug/manifest-merger-blame-debug-report.txt
1<?xml version="1.0" encoding="utf-8"?>
2<manifest xmlns:android="http://schemas.android.com/apk/res/android"
3    package="com.hunau.androidclient228"
4    android:versionCode="1"
5    android:versionName="1.0" >
6
7    <uses-sdk
8        android:minSdkVersion="23"
8-->src\main\AndroidManifest.xml
9        android:targetSdkVersion="30" />
9-->src\main\AndroidManifest.xml
10
11    <!-- To access Google+ APIs: -->
12    <uses-permission android:name="android.permission.INTERNET" />
12-->src\main\AndroidManifest.xml:7:5-66
12-->src\main\AndroidManifest.xml:7:22-64
13
14    <!-- 访问WIFI -->
15    <uses-permission android:name="android.permission.ACCESS_WIFI_STATE" />
15-->src\main\AndroidManifest.xml:10:5-75
15-->src\main\AndroidManifest.xml:10:22-73
16
17    <!-- 进程杀死 -->
18    <uses-permission android:name="android.permission.KILL_BACKGROUND_PROCESSES" /> <!-- 文件读写权限 -->
18-->[com.github.xuexiangjys.XUtil:xutil-core:2.0.0] AndroidManifest.xml:10:5-84
18-->[com.github.xuexiangjys.XUtil:xutil-core:2.0.0] AndroidManifest.xml:10:22-81
19    <uses-permission android:name="android.permission.READ_EXTERNAL_STORAGE" />
19-->[com.github.xuexiangjys.XUtil:xutil-core:2.0.0] AndroidManifest.xml:12:5-80
19-->[com.github.xuexiangjys.XUtil:xutil-core:2.0.0] AndroidManifest.xml:12:22-77
20    <uses-permission android:name="android.permission.WRITE_EXTERNAL_STORAGE" />
20-->[com.github.xuexiangjys.XUtil:xutil-core:2.0.0] AndroidManifest.xml:13:5-81
20-->[com.github.xuexiangjys.XUtil:xutil-core:2.0.0] AndroidManifest.xml:13:22-78
21    <uses-permission android:name="android.permission.CHANGE_WIFI_STATE" />
21-->[com.github.xuexiangjys.XUtil:xutil-core:2.0.0] AndroidManifest.xml:17:5-76
21-->[com.github.xuexiangjys.XUtil:xutil-core:2.0.0] AndroidManifest.xml:17:22-73
22    <uses-permission android:name="android.permission.ACCESS_NETWORK_STATE" />
22-->[com.github.xuexiangjys.XUtil:xutil-core:2.0.0] AndroidManifest.xml:18:5-79
22-->[com.github.xuexiangjys.XUtil:xutil-core:2.0.0] AndroidManifest.xml:18:22-76
23
24    <application
24-->src\main\AndroidManifest.xml:12:5-28:19
25        android:allowBackup="true"
25-->src\main\AndroidManifest.xml:13:13-39
26        android:appComponentFactory="androidx.core.app.CoreComponentFactory"
26-->[androidx.core:core:1.3.1] AndroidManifest.xml:24:18-86
27        android:debuggable="true"
28        android:icon="@mipmap/ic_launcher"
28-->src\main\AndroidManifest.xml:14:13-47
29        android:label="@string/app_name"
29-->src\main\AndroidManifest.xml:15:13-45
30        android:networkSecurityConfig="@xml/network_security_config"
30-->src\main\AndroidManifest.xml:19:13-73
31        android:roundIcon="@mipmap/ic_launcher_round"
31-->src\main\AndroidManifest.xml:16:13-58
32        android:supportsRtl="true"
32-->src\main\AndroidManifest.xml:17:13-39
33        android:testOnly="true"
34        android:theme="@style/XUITheme.Phone" >
34-->src\main\AndroidManifest.xml:18:13-50
35        <activity android:name="com.hunau.androidclient228.MainActivity" >
35-->src\main\AndroidManifest.xml:21:9-27:20
35-->src\main\AndroidManifest.xml:21:19-47
36            <intent-filter>
36-->src\main\AndroidManifest.xml:22:13-26:29
37                <action android:name="android.intent.action.MAIN" />
37-->src\main\AndroidManifest.xml:23:17-68
37-->src\main\AndroidManifest.xml:23:25-66
38
39                <category android:name="android.intent.category.LAUNCHER" />
39-->src\main\AndroidManifest.xml:25:17-76
39-->src\main\AndroidManifest.xml:25:27-74
40            </intent-filter>
41        </activity>
42
43        <provider
43-->[com.github.xuexiangjys:XUI:1.1.6] AndroidManifest.xml:10:9-14:43
44            android:name="com.xuexiang.xui.XUIInitProvider"
44-->[com.github.xuexiangjys:XUI:1.1.6] AndroidManifest.xml:11:13-60
45            android:authorities="com.hunau.androidclient228.xui-init-provider"
45-->[com.github.xuexiangjys:XUI:1.1.6] AndroidManifest.xml:12:13-69
46            android:exported="false"
46-->[com.github.xuexiangjys:XUI:1.1.6] AndroidManifest.xml:13:13-37
47            android:multiprocess="true" />
47-->[com.github.xuexiangjys:XUI:1.1.6] AndroidManifest.xml:14:13-40
48
49        <activity
49-->[com.github.xuexiangjys:XUI:1.1.6] AndroidManifest.xml:16:9-18:59
50            android:name="com.xuexiang.xui.widget.imageview.preview.ui.PreviewActivity"
50-->[com.github.xuexiangjys:XUI:1.1.6] AndroidManifest.xml:17:13-88
51            android:theme="@style/XUITheme.Translucent" />
51-->[com.github.xuexiangjys:XUI:1.1.6] AndroidManifest.xml:18:13-56
52        <activity
52-->[com.github.xuexiangjys:XUI:1.1.6] AndroidManifest.xml:19:9-21:59
53            android:name="com.xuexiang.xui.widget.imageview.preview.ui.VideoPlayerActivity"
53-->[com.github.xuexiangjys:XUI:1.1.6] AndroidManifest.xml:20:13-92
54            android:theme="@style/XUITheme.Translucent" />
54-->[com.github.xuexiangjys:XUI:1.1.6] AndroidManifest.xml:21:13-56
55        <activity
55-->[com.google.android.gms:play-services-base:16.0.1] AndroidManifest.xml:23:9-26:75
56            android:name="com.google.android.gms.common.api.GoogleApiActivity"
56-->[com.google.android.gms:play-services-base:16.0.1] AndroidManifest.xml:24:13-79
57            android:exported="false"
57-->[com.google.android.gms:play-services-base:16.0.1] AndroidManifest.xml:25:13-37
58            android:theme="@android:style/Theme.Translucent.NoTitleBar" />
58-->[com.google.android.gms:play-services-base:16.0.1] AndroidManifest.xml:26:13-72
59
60        <meta-data
60-->[com.google.android.gms:play-services-basement:16.0.1] AndroidManifest.xml:23:9-25:69
61            android:name="com.google.android.gms.version"
61-->[com.google.android.gms:play-services-basement:16.0.1] AndroidManifest.xml:24:13-58
62            android:value="@integer/google_play_services_version" />
62-->[com.google.android.gms:play-services-basement:16.0.1] AndroidManifest.xml:25:13-66
63
64        <activity
64-->[com.github.xuexiangjys.XUtil:xutil-core:2.0.0] AndroidManifest.xml:21:9-25:75
65            android:name="com.xuexiang.xutil.system.PermissionUtils$PermissionActivity"
65-->[com.github.xuexiangjys.XUtil:xutil-core:2.0.0] AndroidManifest.xml:22:13-88
66            android:configChanges="orientation|keyboardHidden|screenSize"
66-->[com.github.xuexiangjys.XUtil:xutil-core:2.0.0] AndroidManifest.xml:23:13-74
67            android:theme="@style/XUtil_Activity_Translucent"
67-->[com.github.xuexiangjys.XUtil:xutil-core:2.0.0] AndroidManifest.xml:24:13-62
68            android:windowSoftInputMode="stateHidden|stateAlwaysHidden" />
68-->[com.github.xuexiangjys.XUtil:xutil-core:2.0.0] AndroidManifest.xml:25:13-72
69
70        <provider
70-->[com.github.xuexiangjys.XUtil:xutil-core:2.0.0] AndroidManifest.xml:27:9-35:20
71            android:name="androidx.core.content.FileProvider4Utils"
71-->[com.github.xuexiangjys.XUtil:xutil-core:2.0.0] AndroidManifest.xml:28:13-68
72            android:authorities="com.hunau.androidclient228.xutil.provider"
72-->[com.github.xuexiangjys.XUtil:xutil-core:2.0.0] AndroidManifest.xml:29:13-66
73            android:exported="false"
73-->[com.github.xuexiangjys.XUtil:xutil-core:2.0.0] AndroidManifest.xml:30:13-37
74            android:grantUriPermissions="true" >
74-->[com.github.xuexiangjys.XUtil:xutil-core:2.0.0] AndroidManifest.xml:31:13-47
75            <meta-data
75-->[com.github.xuexiangjys.XUtil:xutil-core:2.0.0] AndroidManifest.xml:32:13-34:64
76                android:name="android.support.FILE_PROVIDER_PATHS"
76-->[com.github.xuexiangjys.XUtil:xutil-core:2.0.0] AndroidManifest.xml:33:17-67
77                android:resource="@xml/xutil_provider_paths" />
77-->[com.github.xuexiangjys.XUtil:xutil-core:2.0.0] AndroidManifest.xml:34:17-61
78        </provider>
79        <provider
79-->[com.just.agentweb:agentweb:4.1.3] AndroidManifest.xml:12:9-20:20
80            android:name="com.just.agentweb.AgentWebFileProvider"
80-->[com.just.agentweb:agentweb:4.1.3] AndroidManifest.xml:13:13-66
81            android:authorities="com.hunau.androidclient228.AgentWebFileProvider"
81-->[com.just.agentweb:agentweb:4.1.3] AndroidManifest.xml:14:13-72
82            android:exported="false"
82-->[com.just.agentweb:agentweb:4.1.3] AndroidManifest.xml:15:13-37
83            android:grantUriPermissions="true" >
83-->[com.just.agentweb:agentweb:4.1.3] AndroidManifest.xml:16:13-47
84            <meta-data
84-->[com.github.xuexiangjys.XUtil:xutil-core:2.0.0] AndroidManifest.xml:32:13-34:64
85                android:name="android.support.FILE_PROVIDER_PATHS"
85-->[com.github.xuexiangjys.XUtil:xutil-core:2.0.0] AndroidManifest.xml:33:17-67
86                android:resource="@xml/web_files_public" />
86-->[com.github.xuexiangjys.XUtil:xutil-core:2.0.0] AndroidManifest.xml:34:17-61
87        </provider>
88
89        <activity
89-->[com.just.agentweb:agentweb:4.1.3] AndroidManifest.xml:22:9-29:20
90            android:name="com.just.agentweb.ActionActivity"
90-->[com.just.agentweb:agentweb:4.1.3] AndroidManifest.xml:23:13-60
91            android:configChanges="keyboardHidden|orientation|screenSize"
91-->[com.just.agentweb:agentweb:4.1.3] AndroidManifest.xml:24:13-74
92            android:exported="false"
92-->[com.just.agentweb:agentweb:4.1.3] AndroidManifest.xml:25:13-37
93            android:launchMode="standard"
93-->[com.just.agentweb:agentweb:4.1.3] AndroidManifest.xml:26:13-42
94            android:theme="@style/actionActivity"
94-->[com.just.agentweb:agentweb:4.1.3] AndroidManifest.xml:27:13-50
95            android:windowSoftInputMode="stateHidden|stateAlwaysHidden" >
95-->[com.just.agentweb:agentweb:4.1.3] AndroidManifest.xml:28:13-72
96        </activity>
97
98        <provider
98-->[androidx.lifecycle:lifecycle-process:2.0.0] AndroidManifest.xml:23:9-27:43
99            android:name="androidx.lifecycle.ProcessLifecycleOwnerInitializer"
99-->[androidx.lifecycle:lifecycle-process:2.0.0] AndroidManifest.xml:24:13-79
100            android:authorities="com.hunau.androidclient228.lifecycle-process"
100-->[androidx.lifecycle:lifecycle-process:2.0.0] AndroidManifest.xml:25:13-69
101            android:exported="false"
101-->[androidx.lifecycle:lifecycle-process:2.0.0] AndroidManifest.xml:26:13-37
102            android:multiprocess="true" />
102-->[androidx.lifecycle:lifecycle-process:2.0.0] AndroidManifest.xml:27:13-40
103    </application>
104
105</manifest>